TN:
SF:src\Infrastructures\http\createServer.js
FN:11,(anonymous_0)
FN:37,(anonymous_1)
FN:68,(anonymous_2)
FNF:3
FNH:3
FNDA:41,(anonymous_0)
FNDA:16,(anonymous_1)
FNDA:45,(anonymous_2)
DA:1,6
DA:2,6
DA:3,6
DA:4,6
DA:5,6
DA:6,6
DA:7,6
DA:8,6
DA:9,6
DA:11,6
DA:12,41
DA:23,41
DA:29,41
DA:37,16
DA:45,41
DA:68,41
DA:70,45
DA:72,45
DA:74,32
DA:77,32
DA:78,29
DA:82,29
DA:83,29
DA:87,3
DA:88,2
DA:92,1
DA:96,1
DA:97,1
DA:101,13
DA:104,41
DA:107,6
LF:31
LH:31
BRDA:72,0,0,32
BRDA:72,0,1,13
BRDA:77,1,0,29
BRDA:77,1,1,3
BRDA:87,2,0,2
BRDA:87,2,1,1
BRF:6
BRH:6
end_of_record
TN:
SF:src\Infrastructures\security\JwtTokenManager.js
FN:5,(anonymous_0)
FN:10,(anonymous_1)
FN:14,(anonymous_2)
FN:18,(anonymous_3)
FN:27,(anonymous_4)
FNF:5
FNH:5
FNDA:7,(anonymous_0)
FNDA:15,(anonymous_1)
FNDA:5,(anonymous_2)
FNDA:5,(anonymous_3)
FNDA:2,(anonymous_4)
DA:1,6
DA:2,6
DA:6,7
DA:7,7
DA:11,15
DA:15,5
DA:19,5
DA:20,5
DA:21,4
DA:23,2
DA:28,2
DA:29,2
DA:33,6
LF:13
LH:13
BRF:0
BRH:0
end_of_record
