TN:
SF:src\Applications\security\PasswordHash.js
FN:2,(anonymous_0)
FN:6,(anonymous_1)
FNF:2
FNH:2
FNDA:1,(anonymous_0)
FNDA:1,(anonymous_1)
DA:3,1
DA:7,1
DA:11,8
LF:3
LH:3
BRF:0
BRH:0
end_of_record
TN:
SF:src\Applications\use_case\AddCommentUseCase.js
FN:5,(anonymous_0)
FN:10,(anonymous_1)
FNF:2
FNH:2
FNDA:2,(anonymous_0)
FNDA:5,(anonymous_1)
DA:1,6
DA:2,6
DA:6,2
DA:7,2
DA:11,5
DA:12,3
DA:13,2
DA:14,2
DA:18,6
LF:9
LH:9
BRF:0
BRH:0
end_of_record
TN:
SF:src\Applications\use_case\AddUserUseCase.js
FN:4,(anonymous_0)
FN:9,(anonymous_1)
FNF:2
FNH:2
FNDA:3,(anonymous_0)
FNDA:10,(anonymous_1)
DA:1,6
DA:5,3
DA:6,3
DA:10,10
DA:11,6
DA:12,5
DA:13,5
DA:17,6
LF:8
LH:8
BRF:0
BRH:0
end_of_record
TN:
SF:src\Commons\exceptions\NotFoundError.js
FN:4,(anonymous_0)
FNF:1
FNH:1
FNDA:11,(anonymous_0)
DA:1,7
DA:5,11
DA:6,11
DA:10,7
LF:4
LH:4
BRF:0
BRH:0
end_of_record
TN:
SF:src\Domains\comments\CommentRepository.js
FN:2,(anonymous_0)
FN:6,(anonymous_1)
FN:10,(anonymous_2)
FN:14,(anonymous_3)
FN:18,(anonymous_4)
FN:22,(anonymous_5)
FNF:6
FNH:6
FNDA:1,(anonymous_0)
FNDA:1,(anonymous_1)
FNDA:1,(anonymous_2)
FNDA:1,(anonymous_3)
FNDA:1,(anonymous_4)
FNDA:1,(anonymous_5)
DA:3,1
DA:7,1
DA:11,1
DA:15,1
DA:19,1
DA:23,1
DA:27,9
LF:7
LH:7
BRF:0
BRH:0
end_of_record
TN:
SF:src\Domains\comments\entities\AddedComment.js
FN:2,(anonymous_0)
FN:10,(anonymous_1)
FNF:2
FNH:2
FNDA:14,(anonymous_0)
FNDA:14,(anonymous_1)
DA:3,14
DA:4,12
DA:5,12
DA:6,12
DA:7,12
DA:11,14
DA:12,14
DA:13,1
DA:15,13
DA:20,1
DA:25,8
LF:11
LH:11
BRDA:12,0,0,1
BRDA:12,0,1,13
BRDA:12,1,0,14
BRDA:12,1,1,13
BRDA:12,1,2,13
BRDA:15,2,0,1
BRDA:15,2,1,12
BRDA:16,3,0,13
BRDA:16,3,1,13
BRDA:16,3,2,12
BRF:10
BRH:10
end_of_record
TN:
SF:src\Domains\comments\entities\NewComment.js
FN:2,(anonymous_0)
FN:10,(anonymous_1)
FNF:2
FNH:2
FNDA:13,(anonymous_0)
FNDA:13,(anonymous_1)
DA:3,13
DA:4,9
DA:5,9
DA:6,9
DA:7,9
DA:11,13
DA:12,13
DA:13,2
DA:15,11
DA:20,2
DA:25,8
LF:11
LH:11
BRDA:12,0,0,2
BRDA:12,0,1,11
BRDA:12,1,0,13
BRDA:12,1,1,12
BRDA:12,1,2,11
BRDA:15,2,0,2
BRDA:15,2,1,9
BRDA:16,3,0,11
BRDA:16,3,1,9
BRDA:16,3,2,9
BRF:10
BRH:10
end_of_record
TN:
SF:src\Domains\threads\ThreadRepository.js
FN:2,(anonymous_0)
FN:6,(anonymous_1)
FN:10,(anonymous_2)
FNF:3
FNH:3
FNDA:1,(anonymous_0)
FNDA:1,(anonymous_1)
FNDA:1,(anonymous_2)
DA:3,1
DA:7,1
DA:11,1
DA:14,9
LF:4
LH:4
BRF:0
BRH:0
end_of_record
TN:
SF:src\Domains\threads\entities\AddedThread.js
FN:2,(anonymous_0)
FN:10,(anonymous_1)
FNF:2
FNH:2
FNDA:12,(anonymous_0)
FNDA:12,(anonymous_1)
DA:3,12
DA:4,10
DA:5,10
DA:6,10
DA:7,10
DA:11,12
DA:12,12
DA:13,1
DA:15,11
DA:20,1
DA:25,8
LF:11
LH:11
BRDA:12,0,0,1
BRDA:12,0,1,11
BRDA:12,1,0,12
BRDA:12,1,1,12
BRDA:12,1,2,12
BRDA:15,2,0,1
BRDA:15,2,1,10
BRDA:16,3,0,11
BRDA:16,3,1,11
BRDA:16,3,2,11
BRF:10
BRH:10
end_of_record
TN:
SF:src\Domains\threads\entities\NewThread.js
FN:2,(anonymous_0)
FN:10,(anonymous_1)
FNF:2
FNH:2
FNDA:8,(anonymous_0)
FNDA:8,(anonymous_1)
DA:3,8
DA:4,6
DA:5,6
DA:6,6
DA:7,6
DA:11,8
DA:12,8
DA:13,1
DA:15,7
DA:20,1
DA:25,8
LF:11
LH:11
BRDA:12,0,0,1
BRDA:12,0,1,7
BRDA:12,1,0,8
BRDA:12,1,1,8
BRDA:12,1,2,7
BRDA:15,2,0,1
BRDA:15,2,1,6
BRDA:16,3,0,7
BRDA:16,3,1,7
BRDA:16,3,2,6
BRF:10
BRH:10
end_of_record
TN:
SF:src\Domains\users\UserRepository.js
FN:2,(anonymous_0)
FN:6,(anonymous_1)
FN:10,(anonymous_2)
FN:14,(anonymous_3)
FNF:4
FNH:4
FNDA:1,(anonymous_0)
FNDA:1,(anonymous_1)
FNDA:1,(anonymous_2)
FNDA:1,(anonymous_3)
DA:3,1
DA:7,1
DA:11,1
DA:15,1
DA:19,8
LF:5
LH:5
BRF:0
BRH:0
end_of_record
TN:
SF:src\Domains\users\entities\RegisterUser.js
FN:2,(anonymous_0)
FN:12,(anonymous_1)
FNF:2
FNH:2
FNDA:18,(anonymous_0)
FNDA:18,(anonymous_1)
DA:3,18
DA:5,10
DA:7,10
DA:8,10
DA:9,10
DA:13,18
DA:14,2
DA:17,16
DA:18,2
DA:21,14
DA:22,2
DA:25,12
DA:26,2
DA:31,8
LF:14
LH:14
BRDA:13,0,0,2
BRDA:13,0,1,16
BRDA:13,1,0,18
BRDA:13,1,1,17
BRDA:13,1,2,17
BRDA:17,2,0,2
BRDA:17,2,1,14
BRDA:17,3,0,16
BRDA:17,3,1,15
BRDA:17,3,2,15
BRDA:21,4,0,2
BRDA:21,4,1,12
BRDA:25,5,0,2
BRDA:25,5,1,10
BRF:14
BRH:14
end_of_record
TN:
SF:src\Domains\users\entities\RegisteredUser.js
FN:2,(anonymous_0)
FN:12,(anonymous_1)
FNF:2
FNH:2
FNDA:12,(anonymous_0)
FNDA:12,(anonymous_1)
DA:3,12
DA:5,10
DA:7,10
DA:8,10
DA:9,10
DA:13,12
DA:14,1
DA:17,11
DA:18,1
DA:23,7
LF:10
LH:10
BRDA:13,0,0,1
BRDA:13,0,1,11
BRDA:13,1,0,12
BRDA:13,1,1,11
BRDA:13,1,2,11
BRDA:17,2,0,1
BRDA:17,2,1,10
BRDA:17,3,0,11
BRDA:17,3,1,10
BRDA:17,3,2,10
BRF:10
BRH:10
end_of_record
TN:
SF:src\Infrastructures\http\createServer.js
FN:10,(anonymous_0)
FN:36,(anonymous_1)
FN:63,(anonymous_2)
FNF:3
FNH:3
FNDA:31,(anonymous_0)
FNDA:7,(anonymous_1)
FNDA:35,(anonymous_2)
DA:1,5
DA:2,5
DA:3,5
DA:4,5
DA:5,5
DA:6,5
DA:7,5
DA:8,5
DA:10,5
DA:11,31
DA:22,31
DA:28,31
DA:36,7
DA:44,31
DA:63,31
DA:65,35
DA:67,35
DA:69,24
DA:72,24
DA:73,22
DA:77,22
DA:78,22
DA:82,2
DA:83,1
DA:87,1
DA:91,1
DA:92,1
DA:96,11
DA:99,31
DA:102,5
LF:30
LH:30
BRDA:67,0,0,24
BRDA:67,0,1,11
BRDA:72,1,0,22
BRDA:72,1,1,2
BRDA:82,2,0,1
BRDA:82,2,1,1
BRF:6
BRH:6
end_of_record
TN:
SF:src\Infrastructures\repository\ThreadRepositoryPostgres.js
FN:6,(anonymous_0)
FN:12,(anonymous_1)
FN:28,(anonymous_2)
FN:50,(anonymous_3)
FN:65,(anonymous_4)
FNF:5
FNH:5
FNDA:8,(anonymous_0)
FNDA:3,(anonymous_1)
FNDA:4,(anonymous_2)
FNDA:4,(anonymous_3)
FNDA:2,(anonymous_4)
DA:1,5
DA:2,5
DA:3,5
DA:7,8
DA:8,8
DA:9,8
DA:13,3
DA:15,3
DA:16,3
DA:18,3
DA:23,3
DA:25,3
DA:29,4
DA:41,4
DA:43,4
DA:44,2
DA:47,2
DA:51,4
DA:56,4
DA:58,4
DA:59,2
DA:62,2
DA:66,2
DA:76,2
DA:78,2
DA:82,5
LF:26
LH:26
BRDA:43,0,0,2
BRDA:43,0,1,2
BRDA:58,1,0,2
BRDA:58,1,1,2
BRF:4
BRH:4
end_of_record
